Using pre-set license
Built from '2020.3/staging' branch; Version is '2020.3.0f1 (c7b5465681fb) revision 13088070'; Using compiler version '192528614'; Build Type 'Release'
OS: 'Windows 10 Enterprise; OS build 19042.867; Version 2009; 64bit' Language: 'en' Physical Memory: 8075 MB
BatchMode: 1, IsHumanControllingUs: 0, StartBugReporterOnCrash: 0, Is64bit: 1, IsPro: 0

 COMMAND LINE ARGUMENTS:
C:\Program Files\Unity\Hub\Editor\2020.3.0f1\Editor\Unity.exe
-adb2
-batchMode
-noUpm
-name
AssetImportWorker55
-projectPath
C:/Users/kidarcher14/Dropbox/Clemson/CPSC4820/DaStudio/practice platformer
-logFile
Logs/AssetImportWorker55.log
-srvPort
55211
Successfully changed project path to: C:/Users/kidarcher14/Dropbox/Clemson/CPSC4820/DaStudio/practice platformer
C:/Users/kidarcher14/Dropbox/Clemson/CPSC4820/DaStudio/practice platformer
Using Asset Import Pipeline V2.
